[2021-08-23 15:37:32] app.ERROR: Data from PrestaShop Addons is invalid, and cannot fallback on cache.  {"exception":"cURL error 28: Operation timed out after 5002 milliseconds with 792419 bytes received"} []
[2021-08-23 15:37:33] app.INFO: Protect vendor folder in module contactform [] []
[2021-08-23 15:37:33] app.INFO: Module contactform has no vendor folder [] []
[2021-08-23 15:37:33] app.INFO: Protect vendor folder in module dashactivity [] []
[2021-08-23 15:37:33] app.INFO: Module dashactivity has no vendor folder [] []
[2021-08-23 15:37:34] app.INFO: Protect vendor folder in module dashgoals [] []
[2021-08-23 15:37:34] app.INFO: Module dashgoals has no vendor folder [] []
[2021-08-23 15:37:34] app.INFO: Protect vendor folder in module dashproducts [] []
[2021-08-23 15:37:34] app.INFO: Module dashproducts has no vendor folder [] []
[2021-08-23 15:37:35] app.INFO: Protect vendor folder in module dashtrends [] []
[2021-08-23 15:37:35] app.INFO: Module dashtrends has no vendor folder [] []
[2021-08-23 15:37:35] app.INFO: Protect vendor folder in module graphnvd3 [] []
[2021-08-23 15:37:35] app.INFO: Module graphnvd3 has no vendor folder [] []
[2021-08-23 15:37:35] app.INFO: Protect vendor folder in module gridhtml [] []
[2021-08-23 15:37:35] app.INFO: Module gridhtml has no vendor folder [] []
[2021-08-23 15:37:35] app.INFO: Protect vendor folder in module gsitemap [] []
[2021-08-23 15:37:35] app.INFO: Module gsitemap has no vendor folder [] []
[2021-08-23 15:37:36] app.INFO: Protect vendor folder in module pagesnotfound [] []
[2021-08-23 15:37:36] app.INFO: Module pagesnotfound has no vendor folder [] []
[2021-08-23 15:37:37] app.INFO: Protect vendor folder in module productcomments [] []
[2021-08-23 15:37:37] app.INFO: Module productcomments has no vendor folder [] []
[2021-08-23 15:37:37] app.INFO: Protect vendor folder in module ps_banner [] []
[2021-08-23 15:37:37] app.INFO: Module ps_banner has no vendor folder [] []
[2021-08-23 15:37:37] app.INFO: Protect vendor folder in module ps_categorytree [] []
[2021-08-23 15:37:37] app.INFO: Module ps_categorytree has no vendor folder [] []
[2021-08-23 15:37:37] app.INFO: Protect vendor folder in module ps_checkpayment [] []
[2021-08-23 15:37:37] app.INFO: Module ps_checkpayment has no vendor folder [] []
[2021-08-23 15:37:37] app.INFO: Protect vendor folder in module ps_contactinfo [] []
[2021-08-23 15:37:37] app.INFO: Module ps_contactinfo has no vendor folder [] []
[2021-08-23 15:37:38] app.INFO: Protect vendor folder in module ps_crossselling [] []
[2021-08-23 15:37:38] app.INFO: Module ps_crossselling has no vendor folder [] []
[2021-08-23 15:37:38] app.INFO: Protect vendor folder in module ps_currencyselector [] []
[2021-08-23 15:37:38] app.INFO: Module ps_currencyselector has no vendor folder [] []
[2021-08-23 15:37:38] app.INFO: Protect vendor folder in module ps_customeraccountlinks [] []
[2021-08-23 15:37:38] app.INFO: Module ps_customeraccountlinks has no vendor folder [] []
[2021-08-23 15:37:38] app.INFO: Protect vendor folder in module ps_customersignin [] []
[2021-08-23 15:37:38] app.INFO: Module ps_customersignin has no vendor folder [] []
[2021-08-23 15:37:38] app.INFO: Protect vendor folder in module ps_customtext [] []
[2021-08-23 15:37:38] app.INFO: Module ps_customtext has no vendor folder [] []
[2021-08-23 15:37:38] app.INFO: Protect vendor folder in module ps_dataprivacy [] []
[2021-08-23 15:37:38] app.INFO: Module ps_dataprivacy has no vendor folder [] []
[2021-08-23 15:37:39] app.INFO: Protect vendor folder in module ps_emailsubscription [] []
[2021-08-23 15:37:39] app.INFO: Module ps_emailsubscription has no vendor folder [] []
[2021-08-23 15:37:41] app.INFO: Protect vendor folder in module ps_facetedsearch [] []
[2021-08-23 15:37:41] app.INFO: Module ps_facetedsearch has no vendor folder [] []
[2021-08-23 15:37:41] app.INFO: Protect vendor folder in module ps_faviconnotificationbo [] []
[2021-08-23 15:37:41] app.INFO: Module ps_faviconnotificationbo has no vendor folder [] []
[2021-08-23 15:37:42] app.INFO: Protect vendor folder in module ps_featuredproducts [] []
[2021-08-23 15:37:42] app.INFO: Module ps_featuredproducts has no vendor folder [] []
[2021-08-23 15:37:42] app.INFO: Protect vendor folder in module ps_imageslider [] []
[2021-08-23 15:37:42] app.INFO: Module ps_imageslider has no vendor folder [] []
[2021-08-23 15:37:42] app.INFO: Protect vendor folder in module ps_languageselector [] []
[2021-08-23 15:37:42] app.INFO: Module ps_languageselector has no vendor folder [] []
[2021-08-23 15:37:43] app.INFO: Protect vendor folder in module ps_linklist [] []
[2021-08-23 15:37:43] app.INFO: Module ps_linklist has no vendor folder [] []
[2021-08-23 15:37:44] app.INFO: Protect vendor folder in module ps_mainmenu [] []
[2021-08-23 15:37:44] app.INFO: Module ps_mainmenu has no vendor folder [] []
[2021-08-23 15:37:44] app.INFO: Protect vendor folder in module ps_searchbar [] []
[2021-08-23 15:37:44] app.INFO: Module ps_searchbar has no vendor folder [] []
[2021-08-23 15:37:44] app.INFO: Protect vendor folder in module ps_sharebuttons [] []
[2021-08-23 15:37:44] app.INFO: Module ps_sharebuttons has no vendor folder [] []
[2021-08-23 15:37:44] app.INFO: Protect vendor folder in module ps_shoppingcart [] []
[2021-08-23 15:37:44] app.INFO: Module ps_shoppingcart has no vendor folder [] []
[2021-08-23 15:37:44] app.INFO: Protect vendor folder in module ps_socialfollow [] []
[2021-08-23 15:37:44] app.INFO: Module ps_socialfollow has no vendor folder [] []
[2021-08-23 15:37:45] app.INFO: Protect vendor folder in module ps_themecusto [] []
[2021-08-23 15:37:45] app.INFO: Module ps_themecusto has no vendor folder [] []
[2021-08-23 15:37:45] app.INFO: Protect vendor folder in module ps_wirepayment [] []
[2021-08-23 15:37:45] app.INFO: Module ps_wirepayment has no vendor folder [] []
[2021-08-23 15:37:45] app.INFO: Protect vendor folder in module sekeywords [] []
[2021-08-23 15:37:45] app.INFO: Module sekeywords has no vendor folder [] []
[2021-08-23 15:37:45] app.INFO: Protect vendor folder in module statsbestcategories [] []
[2021-08-23 15:37:45] app.INFO: Module statsbestcategories has no vendor folder [] []
[2021-08-23 15:37:46] app.INFO: Protect vendor folder in module statsbestcustomers [] []
[2021-08-23 15:37:46] app.INFO: Module statsbestcustomers has no vendor folder [] []
[2021-08-23 15:37:46] app.INFO: Protect vendor folder in module statsbestproducts [] []
[2021-08-23 15:37:46] app.INFO: Module statsbestproducts has no vendor folder [] []
[2021-08-23 15:37:46] app.INFO: Protect vendor folder in module statsbestsuppliers [] []
[2021-08-23 15:37:46] app.INFO: Module statsbestsuppliers has no vendor folder [] []
[2021-08-23 15:37:46] app.INFO: Protect vendor folder in module statsbestvouchers [] []
[2021-08-23 15:37:46] app.INFO: Module statsbestvouchers has no vendor folder [] []
[2021-08-23 15:37:46] app.INFO: Protect vendor folder in module statscarrier [] []
[2021-08-23 15:37:46] app.INFO: Module statscarrier has no vendor folder [] []
[2021-08-23 15:37:46] app.INFO: Protect vendor folder in module statscatalog [] []
[2021-08-23 15:37:46] app.INFO: Module statscatalog has no vendor folder [] []
[2021-08-23 15:37:46] app.INFO: Protect vendor folder in module statscheckup [] []
[2021-08-23 15:37:46] app.INFO: Module statscheckup has no vendor folder [] []
[2021-08-23 15:37:47] app.INFO: Protect vendor folder in module statsdata [] []
[2021-08-23 15:37:47] app.INFO: Module statsdata has no vendor folder [] []
[2021-08-23 15:37:47] app.INFO: Protect vendor folder in module statsequipment [] []
[2021-08-23 15:37:47] app.INFO: Module statsequipment has no vendor folder [] []
[2021-08-23 15:37:47] app.INFO: Protect vendor folder in module statsforecast [] []
[2021-08-23 15:37:47] app.INFO: Module statsforecast has no vendor folder [] []
[2021-08-23 15:37:47] app.INFO: Protect vendor folder in module statslive [] []
[2021-08-23 15:37:47] app.INFO: Module statslive has no vendor folder [] []
[2021-08-23 15:37:47] app.INFO: Protect vendor folder in module statsnewsletter [] []
[2021-08-23 15:37:47] app.INFO: Module statsnewsletter has no vendor folder [] []
[2021-08-23 15:37:47] app.INFO: Protect vendor folder in module statsorigin [] []
[2021-08-23 15:37:47] app.INFO: Module statsorigin has no vendor folder [] []
[2021-08-23 15:37:47] app.INFO: Protect vendor folder in module statspersonalinfos [] []
[2021-08-23 15:37:48] app.INFO: Module statspersonalinfos has no vendor folder [] []
[2021-08-23 15:37:48] app.INFO: Protect vendor folder in module statsproduct [] []
[2021-08-23 15:37:48] app.INFO: Module statsproduct has no vendor folder [] []
[2021-08-23 15:37:48] app.INFO: Protect vendor folder in module statsregistrations [] []
[2021-08-23 15:37:48] app.INFO: Module statsregistrations has no vendor folder [] []
[2021-08-23 15:37:48] app.INFO: Protect vendor folder in module statssales [] []
[2021-08-23 15:37:48] app.INFO: Module statssales has no vendor folder [] []
[2021-08-23 15:37:48] app.INFO: Protect vendor folder in module statssearch [] []
[2021-08-23 15:37:48] app.INFO: Module statssearch has no vendor folder [] []
[2021-08-23 15:37:48] app.INFO: Protect vendor folder in module statsstock [] []
[2021-08-23 15:37:48] app.INFO: Module statsstock has no vendor folder [] []
[2021-08-23 15:37:48] app.INFO: Protect vendor folder in module statsvisits [] []
[2021-08-23 15:37:48] app.INFO: Module statsvisits has no vendor folder [] []
[2021-08-23 15:37:49] app.INFO: Protect vendor folder in module welcome [] []
[2021-08-23 15:37:49] app.INFO: Module welcome has no vendor folder [] []
[2021-08-23 15:37:55] app.INFO: Exporting mail with theme modern for language Français (French) [] []
[2021-08-23 15:37:55] app.INFO: Core output folder: C:\wamp64\www\prestashop/mails [] []
[2021-08-23 15:37:55] app.INFO: Modules output folder: C:\wamp64\www\prestashop/modules/ [] []
[2021-08-23 15:41:12] app.ERROR: Data from PrestaShop Addons is invalid, and cannot fallback on cache.  {"exception":"cURL error 28: Operation timed out after 5007 milliseconds with 431971 bytes received"} []
[2021-08-23 15:41:13] app.INFO: Protect vendor folder in module gamification [] []
[2021-08-23 15:41:13] app.INFO: Protect vendor folder in module psaddonsconnect [] []
[2021-08-23 15:41:14] app.INFO: Protect vendor folder in module psgdpr [] []
[2021-08-23 15:41:14] app.INFO: Protect vendor folder in module ps_mbo [] []
[2021-08-23 15:41:15] app.INFO: Protect vendor folder in module ps_buybuttonlite [] []
[2021-08-23 15:41:16] app.INFO: Protect vendor folder in module ps_checkout [] []
[2021-08-23 15:41:18] app.INFO: Protect vendor folder in module ps_metrics [] []
[2021-08-23 15:41:19] app.INFO: Protect vendor folder in module ps_facebook [] []
[2021-08-23 15:41:28] app.INFO: Exporting mail with theme modern for language Français (French) [] []
[2021-08-23 15:41:28] app.INFO: Core output folder: C:\wamp64\www\prestashop/mails [] []
[2021-08-23 15:41:28] app.INFO: Modules output folder: C:\wamp64\www\prestashop/modules/ [] []
[2021-08-23 15:42:08] app.ERROR: Data from PrestaShop Addons is invalid, and cannot fallback on cache.  {"exception":"cURL error 28: Operation timed out after 5000 milliseconds with 890714 bytes received"} []
[2021-08-23 15:42:08] app.INFO: Protect vendor folder in module blockreassurance [] []
[2021-08-23 15:42:08] app.INFO: Module blockreassurance has no vendor folder [] []
[2021-08-23 16:31:52] request.INFO: Matched route "admin_module_manage". {"route":"admin_module_manage","route_parameters":{"category":null,"keyword":null,"_controller":"PrestaShopBundle\\Controller\\Admin\\Improve\\ModuleController::manageAction","_legacy_controller":"AdminModulesManage","_legacy_link":["AdminModulesManage","AdminModulesSf"],"_route":"admin_module_manage"},"request_uri":"http://localhost/prestashop/admin377vmtu31/index.php/improve/modules/manage?_token=83PcT7qiIqz52ynxJ4l38xHhlXVD9Jgr-AwATSGrIfU","method":"GET"} []
[2021-08-23 16:31:52] security.DEBUG: Read existing security token from the session. {"key":"_security_main","token_class":"Symfony\\Component\\Security\\Core\\Authentication\\Token\\UsernamePasswordToken"} []
[2021-08-23 16:31:52] security.DEBUG: User was reloaded from a user provider. {"provider":"PrestaShopBundle\\Security\\Admin\\EmployeeProvider","username":"bakhoumdemba1@gmail.com"} []
[2021-08-23 16:31:52] app.ERROR: Data from PrestaShop Addons is invalid, and cannot fallback on cache.  {"exception":"cURL error 6: Could not resolve host: api-addons.prestashop.com"} []
[2021-08-23 16:32:10] request.INFO: Matched route "admin_module_manage". {"route":"admin_module_manage","route_parameters":{"category":null,"keyword":null,"_controller":"PrestaShopBundle\\Controller\\Admin\\Improve\\ModuleController::manageAction","_legacy_controller":"AdminModulesManage","_legacy_link":["AdminModulesManage","AdminModulesSf"],"_route":"admin_module_manage"},"request_uri":"http://localhost/prestashop/admin377vmtu31/index.php/improve/modules/manage?_token=83PcT7qiIqz52ynxJ4l38xHhlXVD9Jgr-AwATSGrIfU","method":"GET"} []
[2021-08-23 16:32:10] security.DEBUG: Read existing security token from the session. {"key":"_security_main","token_class":"Symfony\\Component\\Security\\Core\\Authentication\\Token\\UsernamePasswordToken"} []
[2021-08-23 16:32:10] security.DEBUG: User was reloaded from a user provider. {"provider":"PrestaShopBundle\\Security\\Admin\\EmployeeProvider","username":"bakhoumdemba1@gmail.com"} []
[2021-08-23 16:32:10] app.ERROR: Data from PrestaShop Addons is invalid, and cannot fallback on cache.  {"exception":"cURL error 6: Could not resolve host: api-addons.prestashop.com"} []
[2021-08-23 16:32:12] security.DEBUG: Stored the security token in the session. {"key":"_security_main"} []
[2021-08-23 16:32:14] request.INFO: Matched route "admin_module_notification_count". {"route":"admin_module_notification_count","route_parameters":{"_controller":"PrestaShopBundle\\Controller\\Admin\\Improve\\Modules\\AlertsController::notificationsCountAction","_legacy_controller":"AdminModulesNotifications","_legacy_link":"AdminModulesNotifications:count","_route":"admin_module_notification_count"},"request_uri":"http://localhost/prestashop/admin377vmtu31/index.php/improve/modules/alerts/count?_token=83PcT7qiIqz52ynxJ4l38xHhlXVD9Jgr-AwATSGrIfU","method":"GET"} []
[2021-08-23 16:32:14] security.DEBUG: Read existing security token from the session. {"key":"_security_main","token_class":"Symfony\\Component\\Security\\Core\\Authentication\\Token\\UsernamePasswordToken"} []
[2021-08-23 16:32:14] security.DEBUG: User was reloaded from a user provider. {"provider":"PrestaShopBundle\\Security\\Admin\\EmployeeProvider","username":"bakhoumdemba1@gmail.com"} []
[2021-08-23 16:32:14] app.ERROR: Data from PrestaShop Addons is invalid, and cannot fallback on cache.  {"exception":"cURL error 6: Could not resolve host: api-addons.prestashop.com"} []
[2021-08-23 16:32:14] security.DEBUG: Stored the security token in the session. {"key":"_security_main"} []
[2021-08-24 17:54:02] request.INFO: Matched route "admin_module_manage". {"route":"admin_module_manage","route_parameters":{"category":null,"keyword":null,"_controller":"PrestaShopBundle\\Controller\\Admin\\Improve\\ModuleController::manageAction","_legacy_controller":"AdminModulesManage","_legacy_link":["AdminModulesManage","AdminModulesSf"],"_route":"admin_module_manage"},"request_uri":"http://localhost/prestashop/admin377vmtu31/index.php/improve/modules/manage?_token=Q_HTqeIs2k3P_B3Jt5lJvLnezS9G01j16eRvellGFt8","method":"GET"} []
[2021-08-24 17:54:02] security.DEBUG: Read existing security token from the session. {"key":"_security_main","token_class":"Symfony\\Component\\Security\\Core\\Authentication\\Token\\UsernamePasswordToken"} []
[2021-08-24 17:54:02] security.DEBUG: User was reloaded from a user provider. {"provider":"PrestaShopBundle\\Security\\Admin\\EmployeeProvider","username":"bakhoumdemba1@gmail.com"} []
[2021-08-24 17:54:02] app.ERROR: Data from PrestaShop Addons is invalid, and cannot fallback on cache.  {"exception":"cURL error 6: Could not resolve host: api-addons.prestashop.com"} []
[2021-08-24 17:54:03] security.DEBUG: Stored the security token in the session. {"key":"_security_main"} []
[2021-08-24 17:54:05] request.INFO: Matched route "admin_module_notification_count". {"route":"admin_module_notification_count","route_parameters":{"_controller":"PrestaShopBundle\\Controller\\Admin\\Improve\\Modules\\AlertsController::notificationsCountAction","_legacy_controller":"AdminModulesNotifications","_legacy_link":"AdminModulesNotifications:count","_route":"admin_module_notification_count"},"request_uri":"http://localhost/prestashop/admin377vmtu31/index.php/improve/modules/alerts/count?_token=Q_HTqeIs2k3P_B3Jt5lJvLnezS9G01j16eRvellGFt8","method":"GET"} []
[2021-08-24 17:54:05] security.DEBUG: Read existing security token from the session. {"key":"_security_main","token_class":"Symfony\\Component\\Security\\Core\\Authentication\\Token\\UsernamePasswordToken"} []
[2021-08-24 17:54:05] security.DEBUG: User was reloaded from a user provider. {"provider":"PrestaShopBundle\\Security\\Admin\\EmployeeProvider","username":"bakhoumdemba1@gmail.com"} []
[2021-08-24 17:54:05] app.ERROR: Data from PrestaShop Addons is invalid, and cannot fallback on cache.  {"exception":"cURL error 6: Could not resolve host: api-addons.prestashop.com"} []
[2021-08-24 17:54:05] security.DEBUG: Stored the security token in the session. {"key":"_security_main"} []
[2021-08-24 17:54:14] request.INFO: Matched route "admin_module_notification". {"route":"admin_module_notification","route_parameters":{"_controller":"PrestaShopBundle\\Controller\\Admin\\Improve\\Modules\\AlertsController::indexAction","_legacy_controller":"AdminModulesNotifications","_legacy_link":"AdminModulesNotifications","_route":"admin_module_notification"},"request_uri":"http://localhost/prestashop/admin377vmtu31/index.php/improve/modules/alerts?_token=Q_HTqeIs2k3P_B3Jt5lJvLnezS9G01j16eRvellGFt8","method":"GET"} []
[2021-08-24 17:54:14] security.DEBUG: Read existing security token from the session. {"key":"_security_main","token_class":"Symfony\\Component\\Security\\Core\\Authentication\\Token\\UsernamePasswordToken"} []
[2021-08-24 17:54:14] security.DEBUG: User was reloaded from a user provider. {"provider":"PrestaShopBundle\\Security\\Admin\\EmployeeProvider","username":"bakhoumdemba1@gmail.com"} []
[2021-08-24 17:54:14] app.ERROR: Data from PrestaShop Addons is invalid, and cannot fallback on cache.  {"exception":"cURL error 6: Could not resolve host: api-addons.prestashop.com"} []
[2021-08-24 17:54:15] security.DEBUG: Stored the security token in the session. {"key":"_security_main"} []
[2021-08-24 17:54:15] request.INFO: Matched route "admin_module_notification_count". {"route":"admin_module_notification_count","route_parameters":{"_controller":"PrestaShopBundle\\Controller\\Admin\\Improve\\Modules\\AlertsController::notificationsCountAction","_legacy_controller":"AdminModulesNotifications","_legacy_link":"AdminModulesNotifications:count","_route":"admin_module_notification_count"},"request_uri":"http://localhost/prestashop/admin377vmtu31/index.php/improve/modules/alerts/count?_token=Q_HTqeIs2k3P_B3Jt5lJvLnezS9G01j16eRvellGFt8","method":"GET"} []
[2021-08-24 17:54:16] security.DEBUG: Read existing security token from the session. {"key":"_security_main","token_class":"Symfony\\Component\\Security\\Core\\Authentication\\Token\\UsernamePasswordToken"} []
[2021-08-24 17:54:16] security.DEBUG: User was reloaded from a user provider. {"provider":"PrestaShopBundle\\Security\\Admin\\EmployeeProvider","username":"bakhoumdemba1@gmail.com"} []
[2021-08-24 17:54:16] app.ERROR: Data from PrestaShop Addons is invalid, and cannot fallback on cache.  {"exception":"cURL error 6: Could not resolve host: api-addons.prestashop.com"} []
[2021-08-24 17:54:16] security.DEBUG: Stored the security token in the session. {"key":"_security_main"} []
[2021-08-24 17:54:18] request.INFO: Matched route "admin_module_updates". {"route":"admin_module_updates","route_parameters":{"_controller":"PrestaShopBundle\\Controller\\Admin\\Improve\\Modules\\UpdatesController::indexAction","_legacy_controller":"AdminModulesUpdates","_legacy_link":"AdminModulesUpdates","_route":"admin_module_updates"},"request_uri":"http://localhost/prestashop/admin377vmtu31/index.php/improve/modules/updates?_token=Q_HTqeIs2k3P_B3Jt5lJvLnezS9G01j16eRvellGFt8","method":"GET"} []
[2021-08-24 17:54:18] security.DEBUG: Read existing security token from the session. {"key":"_security_main","token_class":"Symfony\\Component\\Security\\Core\\Authentication\\Token\\UsernamePasswordToken"} []
[2021-08-24 17:54:18] security.DEBUG: User was reloaded from a user provider. {"provider":"PrestaShopBundle\\Security\\Admin\\EmployeeProvider","username":"bakhoumdemba1@gmail.com"} []
[2021-08-24 17:54:18] app.ERROR: Data from PrestaShop Addons is invalid, and cannot fallback on cache.  {"exception":"cURL error 6: Could not resolve host: api-addons.prestashop.com"} []
[2021-08-24 17:54:19] security.DEBUG: Stored the security token in the session. {"key":"_security_main"} []
[2021-08-24 17:54:19] request.INFO: Matched route "admin_module_notification_count". {"route":"admin_module_notification_count","route_parameters":{"_controller":"PrestaShopBundle\\Controller\\Admin\\Improve\\Modules\\AlertsController::notificationsCountAction","_legacy_controller":"AdminModulesNotifications","_legacy_link":"AdminModulesNotifications:count","_route":"admin_module_notification_count"},"request_uri":"http://localhost/prestashop/admin377vmtu31/index.php/improve/modules/alerts/count?_token=Q_HTqeIs2k3P_B3Jt5lJvLnezS9G01j16eRvellGFt8","method":"GET"} []
[2021-08-24 17:54:19] security.DEBUG: Read existing security token from the session. {"key":"_security_main","token_class":"Symfony\\Component\\Security\\Core\\Authentication\\Token\\UsernamePasswordToken"} []
[2021-08-24 17:54:19] security.DEBUG: User was reloaded from a user provider. {"provider":"PrestaShopBundle\\Security\\Admin\\EmployeeProvider","username":"bakhoumdemba1@gmail.com"} []
[2021-08-24 17:54:20] app.ERROR: Data from PrestaShop Addons is invalid, and cannot fallback on cache.  {"exception":"cURL error 6: Could not resolve host: api-addons.prestashop.com"} []
[2021-08-24 17:54:20] security.DEBUG: Stored the security token in the session. {"key":"_security_main"} []
[2021-08-24 17:54:21] request.INFO: Matched route "admin_module_notification". {"route":"admin_module_notification","route_parameters":{"_controller":"PrestaShopBundle\\Controller\\Admin\\Improve\\Modules\\AlertsController::indexAction","_legacy_controller":"AdminModulesNotifications","_legacy_link":"AdminModulesNotifications","_route":"admin_module_notification"},"request_uri":"http://localhost/prestashop/admin377vmtu31/index.php/improve/modules/alerts?_token=Q_HTqeIs2k3P_B3Jt5lJvLnezS9G01j16eRvellGFt8","method":"GET"} []
[2021-08-24 17:54:21] security.DEBUG: Read existing security token from the session. {"key":"_security_main","token_class":"Symfony\\Component\\Security\\Core\\Authentication\\Token\\UsernamePasswordToken"} []
[2021-08-24 17:54:21] security.DEBUG: User was reloaded from a user provider. {"provider":"PrestaShopBundle\\Security\\Admin\\EmployeeProvider","username":"bakhoumdemba1@gmail.com"} []
[2021-08-24 17:54:21] app.ERROR: Data from PrestaShop Addons is invalid, and cannot fallback on cache.  {"exception":"cURL error 6: Could not resolve host: api-addons.prestashop.com"} []
[2021-08-24 17:54:22] security.DEBUG: Stored the security token in the session. {"key":"_security_main"} []
[2021-08-24 17:54:22] request.INFO: Matched route "admin_module_notification_count". {"route":"admin_module_notification_count","route_parameters":{"_controller":"PrestaShopBundle\\Controller\\Admin\\Improve\\Modules\\AlertsController::notificationsCountAction","_legacy_controller":"AdminModulesNotifications","_legacy_link":"AdminModulesNotifications:count","_route":"admin_module_notification_count"},"request_uri":"http://localhost/prestashop/admin377vmtu31/index.php/improve/modules/alerts/count?_token=Q_HTqeIs2k3P_B3Jt5lJvLnezS9G01j16eRvellGFt8","method":"GET"} []
[2021-08-24 17:54:22] security.DEBUG: Read existing security token from the session. {"key":"_security_main","token_class":"Symfony\\Component\\Security\\Core\\Authentication\\Token\\UsernamePasswordToken"} []
[2021-08-24 17:54:22] security.DEBUG: User was reloaded from a user provider. {"provider":"PrestaShopBundle\\Security\\Admin\\EmployeeProvider","username":"bakhoumdemba1@gmail.com"} []
[2021-08-24 17:54:22] app.ERROR: Data from PrestaShop Addons is invalid, and cannot fallback on cache.  {"exception":"cURL error 6: Could not resolve host: api-addons.prestashop.com"} []
[2021-08-24 17:54:23] security.DEBUG: Stored the security token in the session. {"key":"_security_main"} []
[2021-08-24 17:54:24] request.INFO: Matched route "admin_module_manage". {"route":"admin_module_manage","route_parameters":{"category":null,"keyword":null,"_controller":"PrestaShopBundle\\Controller\\Admin\\Improve\\ModuleController::manageAction","_legacy_controller":"AdminModulesManage","_legacy_link":["AdminModulesManage","AdminModulesSf"],"_route":"admin_module_manage"},"request_uri":"http://localhost/prestashop/admin377vmtu31/index.php/improve/modules/manage?_token=Q_HTqeIs2k3P_B3Jt5lJvLnezS9G01j16eRvellGFt8","method":"GET"} []
[2021-08-24 17:54:24] security.DEBUG: Read existing security token from the session. {"key":"_security_main","token_class":"Symfony\\Component\\Security\\Core\\Authentication\\Token\\UsernamePasswordToken"} []
[2021-08-24 17:54:24] security.DEBUG: User was reloaded from a user provider. {"provider":"PrestaShopBundle\\Security\\Admin\\EmployeeProvider","username":"bakhoumdemba1@gmail.com"} []
[2021-08-24 17:54:25] app.ERROR: Data from PrestaShop Addons is invalid, and cannot fallback on cache.  {"exception":"cURL error 6: Could not resolve host: api-addons.prestashop.com"} []
[2021-08-24 17:54:26] security.DEBUG: Stored the security token in the session. {"key":"_security_main"} []
[2021-08-24 17:54:27] request.INFO: Matched route "admin_module_notification_count". {"route":"admin_module_notification_count","route_parameters":{"_controller":"PrestaShopBundle\\Controller\\Admin\\Improve\\Modules\\AlertsController::notificationsCountAction","_legacy_controller":"AdminModulesNotifications","_legacy_link":"AdminModulesNotifications:count","_route":"admin_module_notification_count"},"request_uri":"http://localhost/prestashop/admin377vmtu31/index.php/improve/modules/alerts/count?_token=Q_HTqeIs2k3P_B3Jt5lJvLnezS9G01j16eRvellGFt8","method":"GET"} []
[2021-08-24 17:54:27] security.DEBUG: Read existing security token from the session. {"key":"_security_main","token_class":"Symfony\\Component\\Security\\Core\\Authentication\\Token\\UsernamePasswordToken"} []
[2021-08-24 17:54:27] security.DEBUG: User was reloaded from a user provider. {"provider":"PrestaShopBundle\\Security\\Admin\\EmployeeProvider","username":"bakhoumdemba1@gmail.com"} []
[2021-08-24 17:54:27] app.ERROR: Data from PrestaShop Addons is invalid, and cannot fallback on cache.  {"exception":"cURL error 6: Could not resolve host: api-addons.prestashop.com"} []
[2021-08-24 17:54:27] security.DEBUG: Stored the security token in the session. {"key":"_security_main"} []
[2021-08-24 17:54:50] request.INFO: Matched route "admin_module_configure_action". {"route":"admin_module_configure_action","route_parameters":{"_controller":"PrestaShopBundle\\Controller\\Admin\\Improve\\ModuleController::configureModuleAction","_legacy_controller":"AdminModules","module_name":"ps_banner","_route":"admin_module_configure_action"},"request_uri":"http://localhost/prestashop/admin377vmtu31/index.php/improve/modules/manage/action/configure/ps_banner?_token=Q_HTqeIs2k3P_B3Jt5lJvLnezS9G01j16eRvellGFt8","method":"GET"} []
[2021-08-24 17:54:50] security.DEBUG: Read existing security token from the session. {"key":"_security_main","token_class":"Symfony\\Component\\Security\\Core\\Authentication\\Token\\UsernamePasswordToken"} []
[2021-08-24 17:54:50] security.DEBUG: User was reloaded from a user provider. {"provider":"PrestaShopBundle\\Security\\Admin\\EmployeeProvider","username":"bakhoumdemba1@gmail.com"} []
[2021-08-24 17:54:51] app.ERROR: Data from PrestaShop Addons is invalid, and cannot fallback on cache.  {"exception":"cURL error 6: Could not resolve host: api-addons.prestashop.com"} []
[2021-08-24 17:54:52] security.DEBUG: Stored the security token in the session. {"key":"_security_main"} []
[2021-08-24 18:57:16] request.INFO: Matched route "admin_module_manage". {"route":"admin_module_manage","route_parameters":{"category":null,"keyword":null,"_controller":"PrestaShopBundle\\Controller\\Admin\\Improve\\ModuleController::manageAction","_legacy_controller":"AdminModulesManage","_legacy_link":["AdminModulesManage","AdminModulesSf"],"_route":"admin_module_manage"},"request_uri":"http://localhost/prestashop/admin377vmtu31/index.php/improve/modules/manage?_token=Q_HTqeIs2k3P_B3Jt5lJvLnezS9G01j16eRvellGFt8","method":"GET"} []
[2021-08-24 18:57:16] security.DEBUG: Read existing security token from the session. {"key":"_security_main","token_class":"Symfony\\Component\\Security\\Core\\Authentication\\Token\\UsernamePasswordToken"} []
[2021-08-24 18:57:16] security.DEBUG: User was reloaded from a user provider. {"provider":"PrestaShopBundle\\Security\\Admin\\EmployeeProvider","username":"bakhoumdemba1@gmail.com"} []
[2021-08-24 18:57:16] app.ERROR: Data from PrestaShop Addons is invalid, and cannot fallback on cache.  {"exception":"cURL error 6: Could not resolve host: api-addons.prestashop.com"} []
[2021-08-24 18:57:17] security.DEBUG: Stored the security token in the session. {"key":"_security_main"} []
[2021-08-24 18:57:18] request.INFO: Matched route "admin_module_notification_count". {"route":"admin_module_notification_count","route_parameters":{"_controller":"PrestaShopBundle\\Controller\\Admin\\Improve\\Modules\\AlertsController::notificationsCountAction","_legacy_controller":"AdminModulesNotifications","_legacy_link":"AdminModulesNotifications:count","_route":"admin_module_notification_count"},"request_uri":"http://localhost/prestashop/admin377vmtu31/index.php/improve/modules/alerts/count?_token=Q_HTqeIs2k3P_B3Jt5lJvLnezS9G01j16eRvellGFt8","method":"GET"} []
[2021-08-24 18:57:18] security.DEBUG: Read existing security token from the session. {"key":"_security_main","token_class":"Symfony\\Component\\Security\\Core\\Authentication\\Token\\UsernamePasswordToken"} []
[2021-08-24 18:57:18] security.DEBUG: User was reloaded from a user provider. {"provider":"PrestaShopBundle\\Security\\Admin\\EmployeeProvider","username":"bakhoumdemba1@gmail.com"} []
[2021-08-24 18:57:18] app.ERROR: Data from PrestaShop Addons is invalid, and cannot fallback on cache.  {"exception":"cURL error 6: Could not resolve host: api-addons.prestashop.com"} []
[2021-08-24 18:57:19] security.DEBUG: Stored the security token in the session. {"key":"_security_main"} []
[2021-08-24 18:59:56] request.INFO: Matched route "admin_module_manage_action". {"route":"admin_module_manage_action","route_parameters":{"_controller":"PrestaShopBundle\\Controller\\Admin\\Improve\\ModuleController::moduleAction","action":"reset","module_name":"ps_banner","_route":"admin_module_manage_action"},"request_uri":"http://localhost/prestashop/admin377vmtu31/index.php/improve/modules/manage/action/reset/ps_banner?_token=Q_HTqeIs2k3P_B3Jt5lJvLnezS9G01j16eRvellGFt8","method":"POST"} []
[2021-08-24 18:59:56] security.DEBUG: Read existing security token from the session. {"key":"_security_main","token_class":"Symfony\\Component\\Security\\Core\\Authentication\\Token\\UsernamePasswordToken"} []
[2021-08-24 18:59:56] security.DEBUG: User was reloaded from a user provider. {"provider":"PrestaShopBundle\\Security\\Admin\\EmployeeProvider","username":"bakhoumdemba1@gmail.com"} []
[2021-08-24 18:59:58] app.ERROR: Data from PrestaShop Addons is invalid, and cannot fallback on cache.  {"exception":"cURL error 56: OpenSSL SSL_read: Connection was reset, errno 10054"} []
[2021-08-24 18:59:59] app.INFO: Protect vendor folder in module ps_banner [] []
[2021-08-24 18:59:59] app.INFO: Module ps_banner has no vendor folder [] []
[2021-08-24 18:59:59] security.DEBUG: Stored the security token in the session. {"key":"_security_main"} []
[2021-08-24 19:01:16] request.INFO: Matched route "admin_module_manage". {"route":"admin_module_manage","route_parameters":{"category":null,"keyword":null,"_controller":"PrestaShopBundle\\Controller\\Admin\\Improve\\ModuleController::manageAction","_legacy_controller":"AdminModulesManage","_legacy_link":["AdminModulesManage","AdminModulesSf"],"_route":"admin_module_manage"},"request_uri":"http://localhost/prestashop/admin377vmtu31/index.php/improve/modules/manage?_token=Q_HTqeIs2k3P_B3Jt5lJvLnezS9G01j16eRvellGFt8","method":"GET"} []
[2021-08-24 19:01:16] security.DEBUG: Read existing security token from the session. {"key":"_security_main","token_class":"Symfony\\Component\\Security\\Core\\Authentication\\Token\\UsernamePasswordToken"} []
[2021-08-24 19:01:16] security.DEBUG: User was reloaded from a user provider. {"provider":"PrestaShopBundle\\Security\\Admin\\EmployeeProvider","username":"bakhoumdemba1@gmail.com"} []
[2021-08-24 19:01:22] app.ERROR: Data from PrestaShop Addons is invalid, and cannot fallback on cache.  {"exception":"cURL error 28: Operation timed out after 5006 milliseconds with 923482 bytes received"} []
[2021-08-24 19:01:30] security.DEBUG: Stored the security token in the session. {"key":"_security_main"} []
[2021-08-24 19:01:32] request.INFO: Matched route "admin_module_notification_count". {"route":"admin_module_notification_count","route_parameters":{"_controller":"PrestaShopBundle\\Controller\\Admin\\Improve\\Modules\\AlertsController::notificationsCountAction","_legacy_controller":"AdminModulesNotifications","_legacy_link":"AdminModulesNotifications:count","_route":"admin_module_notification_count"},"request_uri":"http://localhost/prestashop/admin377vmtu31/index.php/improve/modules/alerts/count?_token=Q_HTqeIs2k3P_B3Jt5lJvLnezS9G01j16eRvellGFt8","method":"GET"} []
[2021-08-24 19:01:32] security.DEBUG: Read existing security token from the session. {"key":"_security_main","token_class":"Symfony\\Component\\Security\\Core\\Authentication\\Token\\UsernamePasswordToken"} []
[2021-08-24 19:01:32] security.DEBUG: User was reloaded from a user provider. {"provider":"PrestaShopBundle\\Security\\Admin\\EmployeeProvider","username":"bakhoumdemba1@gmail.com"} []
[2021-08-24 19:01:37] app.ERROR: Data from PrestaShop Addons is invalid, and cannot fallback on cache.  {"exception":"cURL error 28: Operation timed out after 5002 milliseconds with 138516 bytes received"} []
[2021-08-24 19:01:38] security.DEBUG: Stored the security token in the session. {"key":"_security_main"} []
[2021-08-24 20:00:34] request.INFO: Matched route "admin_module_manage". {"route":"admin_module_manage","route_parameters":{"category":null,"keyword":null,"_controller":"PrestaShopBundle\\Controller\\Admin\\Improve\\ModuleController::manageAction","_legacy_controller":"AdminModulesManage","_legacy_link":["AdminModulesManage","AdminModulesSf"],"_route":"admin_module_manage"},"request_uri":"http://localhost/prestashop/admin377vmtu31/index.php/improve/modules/manage?_token=Q_HTqeIs2k3P_B3Jt5lJvLnezS9G01j16eRvellGFt8","method":"GET"} []
[2021-08-24 20:00:34] security.DEBUG: Read existing security token from the session. {"key":"_security_main","token_class":"Symfony\\Component\\Security\\Core\\Authentication\\Token\\UsernamePasswordToken"} []
[2021-08-24 20:00:34] security.DEBUG: User was reloaded from a user provider. {"provider":"PrestaShopBundle\\Security\\Admin\\EmployeeProvider","username":"bakhoumdemba1@gmail.com"} []
[2021-08-24 20:00:34] app.ERROR: Data from PrestaShop Addons is invalid, and cannot fallback on cache.  {"exception":"cURL error 6: Could not resolve host: api-addons.prestashop.com"} []
[2021-08-24 20:00:55] request.INFO: Matched route "admin_module_manage". {"route":"admin_module_manage","route_parameters":{"category":null,"keyword":null,"_controller":"PrestaShopBundle\\Controller\\Admin\\Improve\\ModuleController::manageAction","_legacy_controller":"AdminModulesManage","_legacy_link":["AdminModulesManage","AdminModulesSf"],"_route":"admin_module_manage"},"request_uri":"http://localhost/prestashop/admin377vmtu31/index.php/improve/modules/manage?_token=Q_HTqeIs2k3P_B3Jt5lJvLnezS9G01j16eRvellGFt8","method":"GET"} []
[2021-08-24 20:00:55] security.DEBUG: Read existing security token from the session. {"key":"_security_main","token_class":"Symfony\\Component\\Security\\Core\\Authentication\\Token\\UsernamePasswordToken"} []
[2021-08-24 20:00:55] security.DEBUG: User was reloaded from a user provider. {"provider":"PrestaShopBundle\\Security\\Admin\\EmployeeProvider","username":"bakhoumdemba1@gmail.com"} []
[2021-08-24 20:00:55] app.ERROR: Data from PrestaShop Addons is invalid, and cannot fallback on cache.  {"exception":"cURL error 6: Could not resolve host: api-addons.prestashop.com"} []
[2021-08-24 20:01:00] security.DEBUG: Stored the security token in the session. {"key":"_security_main"} []
[2021-08-24 20:01:01] request.INFO: Matched route "admin_module_notification_count". {"route":"admin_module_notification_count","route_parameters":{"_controller":"PrestaShopBundle\\Controller\\Admin\\Improve\\Modules\\AlertsController::notificationsCountAction","_legacy_controller":"AdminModulesNotifications","_legacy_link":"AdminModulesNotifications:count","_route":"admin_module_notification_count"},"request_uri":"http://localhost/prestashop/admin377vmtu31/index.php/improve/modules/alerts/count?_token=Q_HTqeIs2k3P_B3Jt5lJvLnezS9G01j16eRvellGFt8","method":"GET"} []
[2021-08-24 20:01:01] security.DEBUG: Read existing security token from the session. {"key":"_security_main","token_class":"Symfony\\Component\\Security\\Core\\Authentication\\Token\\UsernamePasswordToken"} []
[2021-08-24 20:01:01] security.DEBUG: User was reloaded from a user provider. {"provider":"PrestaShopBundle\\Security\\Admin\\EmployeeProvider","username":"bakhoumdemba1@gmail.com"} []
[2021-08-24 20:01:01] app.ERROR: Data from PrestaShop Addons is invalid, and cannot fallback on cache.  {"exception":"cURL error 6: Could not resolve host: api-addons.prestashop.com"} []
[2021-08-24 20:01:02] security.DEBUG: Stored the security token in the session. {"key":"_security_main"} []
[2021-08-24 20:01:58] request.INFO: Matched route "admin_module_configure_action". {"route":"admin_module_configure_action","route_parameters":{"_controller":"PrestaShopBundle\\Controller\\Admin\\Improve\\ModuleController::configureModuleAction","_legacy_controller":"AdminModules","module_name":"ps_customtext","_route":"admin_module_configure_action"},"request_uri":"http://localhost/prestashop/admin377vmtu31/index.php/improve/modules/manage/action/configure/ps_customtext?_token=Q_HTqeIs2k3P_B3Jt5lJvLnezS9G01j16eRvellGFt8","method":"GET"} []
[2021-08-24 20:01:58] security.DEBUG: Read existing security token from the session. {"key":"_security_main","token_class":"Symfony\\Component\\Security\\Core\\Authentication\\Token\\UsernamePasswordToken"} []
[2021-08-24 20:01:58] security.DEBUG: User was reloaded from a user provider. {"provider":"PrestaShopBundle\\Security\\Admin\\EmployeeProvider","username":"bakhoumdemba1@gmail.com"} []
[2021-08-24 20:01:59] app.ERROR: Data from PrestaShop Addons is invalid, and cannot fallback on cache.  {"exception":"cURL error 6: Could not resolve host: api-addons.prestashop.com"} []
[2021-08-24 20:02:00] security.DEBUG: Stored the security token in the session. {"key":"_security_main"} []
[2021-08-24 20:02:15] request.INFO: Matched route "admin_module_manage". {"route":"admin_module_manage","route_parameters":{"category":null,"keyword":null,"_controller":"PrestaShopBundle\\Controller\\Admin\\Improve\\ModuleController::manageAction","_legacy_controller":"AdminModulesManage","_legacy_link":["AdminModulesManage","AdminModulesSf"],"_route":"admin_module_manage"},"request_uri":"http://localhost/prestashop/admin377vmtu31/index.php/improve/modules/manage?_token=Q_HTqeIs2k3P_B3Jt5lJvLnezS9G01j16eRvellGFt8","method":"GET"} []
[2021-08-24 20:02:15] security.DEBUG: Read existing security token from the session. {"key":"_security_main","token_class":"Symfony\\Component\\Security\\Core\\Authentication\\Token\\UsernamePasswordToken"} []
[2021-08-24 20:02:15] security.DEBUG: User was reloaded from a user provider. {"provider":"PrestaShopBundle\\Security\\Admin\\EmployeeProvider","username":"bakhoumdemba1@gmail.com"} []
[2021-08-24 20:02:15] app.ERROR: Data from PrestaShop Addons is invalid, and cannot fallback on cache.  {"exception":"cURL error 6: Could not resolve host: api-addons.prestashop.com"} []
[2021-08-24 20:02:16] security.DEBUG: Stored the security token in the session. {"key":"_security_main"} []
[2021-08-24 20:02:18] request.INFO: Matched route "admin_module_notification_count". {"route":"admin_module_notification_count","route_parameters":{"_controller":"PrestaShopBundle\\Controller\\Admin\\Improve\\Modules\\AlertsController::notificationsCountAction","_legacy_controller":"AdminModulesNotifications","_legacy_link":"AdminModulesNotifications:count","_route":"admin_module_notification_count"},"request_uri":"http://localhost/prestashop/admin377vmtu31/index.php/improve/modules/alerts/count?_token=Q_HTqeIs2k3P_B3Jt5lJvLnezS9G01j16eRvellGFt8","method":"GET"} []
[2021-08-24 20:02:18] security.DEBUG: Read existing security token from the session. {"key":"_security_main","token_class":"Symfony\\Component\\Security\\Core\\Authentication\\Token\\UsernamePasswordToken"} []
[2021-08-24 20:02:18] security.DEBUG: User was reloaded from a user provider. {"provider":"PrestaShopBundle\\Security\\Admin\\EmployeeProvider","username":"bakhoumdemba1@gmail.com"} []
[2021-08-24 20:02:18] app.ERROR: Data from PrestaShop Addons is invalid, and cannot fallback on cache.  {"exception":"cURL error 6: Could not resolve host: api-addons.prestashop.com"} []
[2021-08-24 20:02:18] security.DEBUG: Stored the security token in the session. {"key":"_security_main"} []
[2021-08-24 20:02:48] request.INFO: Matched route "admin_module_configure_action". {"route":"admin_module_configure_action","route_parameters":{"_controller":"PrestaShopBundle\\Controller\\Admin\\Improve\\ModuleController::configureModuleAction","_legacy_controller":"AdminModules","module_name":"ps_banner","_route":"admin_module_configure_action"},"request_uri":"http://localhost/prestashop/admin377vmtu31/index.php/improve/modules/manage/action/configure/ps_banner?_token=Q_HTqeIs2k3P_B3Jt5lJvLnezS9G01j16eRvellGFt8","method":"GET"} []
[2021-08-24 20:02:48] security.DEBUG: Read existing security token from the session. {"key":"_security_main","token_class":"Symfony\\Component\\Security\\Core\\Authentication\\Token\\UsernamePasswordToken"} []
[2021-08-24 20:02:48] security.DEBUG: User was reloaded from a user provider. {"provider":"PrestaShopBundle\\Security\\Admin\\EmployeeProvider","username":"bakhoumdemba1@gmail.com"} []
[2021-08-24 20:02:48] app.ERROR: Data from PrestaShop Addons is invalid, and cannot fallback on cache.  {"exception":"cURL error 6: Could not resolve host: api-addons.prestashop.com"} []
[2021-08-24 20:02:49] security.DEBUG: Stored the security token in the session. {"key":"_security_main"} []
[2021-08-24 20:03:25] app.ERROR: Data from PrestaShop Addons is invalid, and cannot fallback on cache.  {"exception":"cURL error 6: Could not resolve host: api-addons.prestashop.com"} []
[2021-08-24 20:03:25] app.INFO: Protect vendor folder in module ps_accounts [] []
[2021-08-24 20:03:25] app.INFO: Module ps_accounts has no vendor folder [] []
[2021-08-24 20:36:02] request.INFO: Matched route "admin_module_manage". {"route":"admin_module_manage","route_parameters":{"category":null,"keyword":null,"_controller":"PrestaShopBundle\\Controller\\Admin\\Improve\\ModuleController::manageAction","_legacy_controller":"AdminModulesManage","_legacy_link":["AdminModulesManage","AdminModulesSf"],"_route":"admin_module_manage"},"request_uri":"http://localhost/prestashop/admin377vmtu31/index.php/improve/modules/manage?_token=Q_HTqeIs2k3P_B3Jt5lJvLnezS9G01j16eRvellGFt8","method":"GET"} []
[2021-08-24 20:36:02] security.DEBUG: Read existing security token from the session. {"key":"_security_main","token_class":"Symfony\\Component\\Security\\Core\\Authentication\\Token\\UsernamePasswordToken"} []
[2021-08-24 20:36:02] security.DEBUG: User was reloaded from a user provider. {"provider":"PrestaShopBundle\\Security\\Admin\\EmployeeProvider","username":"bakhoumdemba1@gmail.com"} []
[2021-08-24 20:36:07] app.ERROR: Data from PrestaShop Addons is invalid, and cannot fallback on cache.  {"exception":"cURL error 28: Operation timed out after 5002 milliseconds with 832794 bytes received"} []
[2021-08-24 20:36:08] security.DEBUG: Stored the security token in the session. {"key":"_security_main"} []
[2021-08-24 20:36:09] request.INFO: Matched route "admin_module_notification_count". {"route":"admin_module_notification_count","route_parameters":{"_controller":"PrestaShopBundle\\Controller\\Admin\\Improve\\Modules\\AlertsController::notificationsCountAction","_legacy_controller":"AdminModulesNotifications","_legacy_link":"AdminModulesNotifications:count","_route":"admin_module_notification_count"},"request_uri":"http://localhost/prestashop/admin377vmtu31/index.php/improve/modules/alerts/count?_token=Q_HTqeIs2k3P_B3Jt5lJvLnezS9G01j16eRvellGFt8","method":"GET"} []
[2021-08-24 20:36:09] security.DEBUG: Read existing security token from the session. {"key":"_security_main","token_class":"Symfony\\Component\\Security\\Core\\Authentication\\Token\\UsernamePasswordToken"} []
[2021-08-24 20:36:09] security.DEBUG: User was reloaded from a user provider. {"provider":"PrestaShopBundle\\Security\\Admin\\EmployeeProvider","username":"bakhoumdemba1@gmail.com"} []
[2021-08-24 20:36:15] app.ERROR: Data from PrestaShop Addons is invalid, and cannot fallback on cache.  {"exception":"cURL error 28: Operation timed out after 5004 milliseconds with 484475 bytes received"} []
[2021-08-24 20:36:15] security.DEBUG: Stored the security token in the session. {"key":"_security_main"} []
[2021-08-24 20:36:30] request.INFO: Matched route "admin_module_configure_action". {"route":"admin_module_configure_action","route_parameters":{"_controller":"PrestaShopBundle\\Controller\\Admin\\Improve\\ModuleController::configureModuleAction","_legacy_controller":"AdminModules","module_name":"ps_mainmenu","_route":"admin_module_configure_action"},"request_uri":"http://localhost/prestashop/admin377vmtu31/index.php/improve/modules/manage/action/configure/ps_mainmenu?_token=Q_HTqeIs2k3P_B3Jt5lJvLnezS9G01j16eRvellGFt8","method":"GET"} []
[2021-08-24 20:36:30] security.DEBUG: Read existing security token from the session. {"key":"_security_main","token_class":"Symfony\\Component\\Security\\Core\\Authentication\\Token\\UsernamePasswordToken"} []
[2021-08-24 20:36:30] security.DEBUG: User was reloaded from a user provider. {"provider":"PrestaShopBundle\\Security\\Admin\\EmployeeProvider","username":"bakhoumdemba1@gmail.com"} []
[2021-08-24 20:36:35] app.ERROR: Data from PrestaShop Addons is invalid, and cannot fallback on cache.  {"exception":"cURL error 28: Operation timed out after 5006 milliseconds with 626675 bytes received"} []
[2021-08-24 20:36:36] security.DEBUG: Stored the security token in the session. {"key":"_security_main"} []
[2021-08-26 04:46:10] request.INFO: Matched route "admin_module_manage". {"route":"admin_module_manage","route_parameters":{"category":null,"keyword":null,"_controller":"PrestaShopBundle\\Controller\\Admin\\Improve\\ModuleController::manageAction","_legacy_controller":"AdminModulesManage","_legacy_link":["AdminModulesManage","AdminModulesSf"],"_route":"admin_module_manage"},"request_uri":"http://localhost/prestashop/admin377vmtu31/index.php/improve/modules/manage?_token=-RZROD6CXjFHvR1nrcN28vQ2MgsXswhUEIhc2IQyYz0","method":"GET"} []
[2021-08-26 04:46:10] security.DEBUG: Read existing security token from the session. {"key":"_security_main","token_class":"Symfony\\Component\\Security\\Core\\Authentication\\Token\\UsernamePasswordToken"} []
[2021-08-26 04:46:10] security.DEBUG: User was reloaded from a user provider. {"provider":"PrestaShopBundle\\Security\\Admin\\EmployeeProvider","username":"bakhoumdemba1@gmail.com"} []
[2021-08-26 04:46:10] app.ERROR: Data from PrestaShop Addons is invalid, and cannot fallback on cache.  {"exception":"cURL error 6: Could not resolve host: api-addons.prestashop.com"} []
[2021-08-26 04:46:11] security.DEBUG: Stored the security token in the session. {"key":"_security_main"} []
[2021-08-26 04:46:12] request.INFO: Matched route "admin_module_notification_count". {"route":"admin_module_notification_count","route_parameters":{"_controller":"PrestaShopBundle\\Controller\\Admin\\Improve\\Modules\\AlertsController::notificationsCountAction","_legacy_controller":"AdminModulesNotifications","_legacy_link":"AdminModulesNotifications:count","_route":"admin_module_notification_count"},"request_uri":"http://localhost/prestashop/admin377vmtu31/index.php/improve/modules/alerts/count?_token=-RZROD6CXjFHvR1nrcN28vQ2MgsXswhUEIhc2IQyYz0","method":"GET"} []
[2021-08-26 04:46:13] security.DEBUG: Read existing security token from the session. {"key":"_security_main","token_class":"Symfony\\Component\\Security\\Core\\Authentication\\Token\\UsernamePasswordToken"} []
[2021-08-26 04:46:13] security.DEBUG: User was reloaded from a user provider. {"provider":"PrestaShopBundle\\Security\\Admin\\EmployeeProvider","username":"bakhoumdemba1@gmail.com"} []
[2021-08-26 04:46:13] app.ERROR: Data from PrestaShop Addons is invalid, and cannot fallback on cache.  {"exception":"cURL error 6: Could not resolve host: api-addons.prestashop.com"} []
[2021-08-26 04:46:13] security.DEBUG: Stored the security token in the session. {"key":"_security_main"} []
[2021-08-26 04:47:06] request.INFO: Matched route "admin_module_configure_action". {"route":"admin_module_configure_action","route_parameters":{"_controller":"PrestaShopBundle\\Controller\\Admin\\Improve\\ModuleController::configureModuleAction","_legacy_controller":"AdminModules","module_name":"ps_imageslider","_route":"admin_module_configure_action"},"request_uri":"http://localhost/prestashop/admin377vmtu31/index.php/improve/modules/manage/action/configure/ps_imageslider?_token=-RZROD6CXjFHvR1nrcN28vQ2MgsXswhUEIhc2IQyYz0","method":"GET"} []
[2021-08-26 04:47:06] security.DEBUG: Read existing security token from the session. {"key":"_security_main","token_class":"Symfony\\Component\\Security\\Core\\Authentication\\Token\\UsernamePasswordToken"} []
[2021-08-26 04:47:06] security.DEBUG: User was reloaded from a user provider. {"provider":"PrestaShopBundle\\Security\\Admin\\EmployeeProvider","username":"bakhoumdemba1@gmail.com"} []
[2021-08-26 04:47:06] app.ERROR: Data from PrestaShop Addons is invalid, and cannot fallback on cache.  {"exception":"cURL error 6: Could not resolve host: api-addons.prestashop.com"} []
[2021-08-26 04:47:08] security.DEBUG: Stored the security token in the session. {"key":"_security_main"} []
[2021-09-03 09:32:29] request.INFO: Matched route "admin_module_manage". {"route":"admin_module_manage","route_parameters":{"category":null,"keyword":null,"_controller":"PrestaShopBundle\\Controller\\Admin\\Improve\\ModuleController::manageAction","_legacy_controller":"AdminModulesManage","_legacy_link":["AdminModulesManage","AdminModulesSf"],"_route":"admin_module_manage"},"request_uri":"http://localhost/prestashop/admin377vmtu31/index.php/improve/modules/manage?_token=DzVI4tZbp_YB9Xz-ZkHSFdNA2LyeTwZwuL-ucWXIeFA","method":"GET"} []
[2021-09-03 09:32:29] security.DEBUG: Read existing security token from the session. {"key":"_security_main","token_class":"Symfony\\Component\\Security\\Core\\Authentication\\Token\\UsernamePasswordToken"} []
[2021-09-03 09:32:29] security.DEBUG: User was reloaded from a user provider. {"provider":"PrestaShopBundle\\Security\\Admin\\EmployeeProvider","username":"bakhoumdemba1@gmail.com"} []
[2021-09-03 09:32:36] app.ERROR: Data from PrestaShop Addons is invalid, and cannot fallback on cache.  {"exception":"cURL error 28: Connection timed out after 5009 milliseconds"} []
[2021-09-03 09:32:39] security.DEBUG: Stored the security token in the session. {"key":"_security_main"} []
[2021-09-03 09:32:40] request.INFO: Matched route "admin_module_notification_count". {"route":"admin_module_notification_count","route_parameters":{"_controller":"PrestaShopBundle\\Controller\\Admin\\Improve\\Modules\\AlertsController::notificationsCountAction","_legacy_controller":"AdminModulesNotifications","_legacy_link":"AdminModulesNotifications:count","_route":"admin_module_notification_count"},"request_uri":"http://localhost/prestashop/admin377vmtu31/index.php/improve/modules/alerts/count?_token=DzVI4tZbp_YB9Xz-ZkHSFdNA2LyeTwZwuL-ucWXIeFA","method":"GET"} []
[2021-09-03 09:32:40] security.DEBUG: Read existing security token from the session. {"key":"_security_main","token_class":"Symfony\\Component\\Security\\Core\\Authentication\\Token\\UsernamePasswordToken"} []
[2021-09-03 09:32:40] security.DEBUG: User was reloaded from a user provider. {"provider":"PrestaShopBundle\\Security\\Admin\\EmployeeProvider","username":"bakhoumdemba1@gmail.com"} []
[2021-09-03 09:32:46] app.ERROR: Data from PrestaShop Addons is invalid, and cannot fallback on cache.  {"exception":"cURL error 28: Operation timed out after 5002 milliseconds with 202604 bytes received"} []
[2021-09-03 09:32:47] security.DEBUG: Stored the security token in the session. {"key":"_security_main"} []
